ERROR 2025-10-24 11:19:01,615 log 64464 95440 Invalid HTTP_HOST header: 'maximus-cinnabarine-disloyally.ngrok-free.dev'. You may need to add 'maximus-cinnabarine-disloyally.ngrok-free.dev' to ALLOWED_HOSTS.
Traceback (most recent call last):
  File "E:\Django\TanPhong_Manager_Project\.venv\Lib\site-packages\django\core\handlers\exception.py", line 55, in inner
    response = get_response(request)
               ^^^^^^^^^^^^^^^^^^^^^
  File "E:\Django\TanPhong_Manager_Project\.venv\Lib\site-packages\django\utils\deprecation.py", line 119, in __call__
    response = self.process_request(request)
               ^^^^^^^^^^^^^^^^^^^^^^^^^^^^^
  File "E:\Django\TanPhong_Manager_Project\.venv\Lib\site-packages\django\middleware\common.py", line 48, in process_request
    host = request.get_host()
           ^^^^^^^^^^^^^^^^^^
  File "E:\Django\TanPhong_Manager_Project\.venv\Lib\site-packages\django\http\request.py", line 202, in get_host
    raise DisallowedHost(msg)
django.core.exceptions.DisallowedHost: Invalid HTTP_HOST header: 'maximus-cinnabarine-disloyally.ngrok-free.dev'. You may need to add 'maximus-cinnabarine-disloyally.ngrok-free.dev' to ALLOWED_HOSTS.
ERROR 2025-10-24 11:19:01,996 log 64464 94192 Invalid HTTP_HOST header: 'maximus-cinnabarine-disloyally.ngrok-free.dev'. You may need to add 'maximus-cinnabarine-disloyally.ngrok-free.dev' to ALLOWED_HOSTS.
Traceback (most recent call last):
  File "E:\Django\TanPhong_Manager_Project\.venv\Lib\site-packages\django\core\handlers\exception.py", line 55, in inner
    response = get_response(request)
               ^^^^^^^^^^^^^^^^^^^^^
  File "E:\Django\TanPhong_Manager_Project\.venv\Lib\site-packages\django\utils\deprecation.py", line 119, in __call__
    response = self.process_request(request)
               ^^^^^^^^^^^^^^^^^^^^^^^^^^^^^
  File "E:\Django\TanPhong_Manager_Project\.venv\Lib\site-packages\django\middleware\common.py", line 48, in process_request
    host = request.get_host()
           ^^^^^^^^^^^^^^^^^^
  File "E:\Django\TanPhong_Manager_Project\.venv\Lib\site-packages\django\http\request.py", line 202, in get_host
    raise DisallowedHost(msg)
django.core.exceptions.DisallowedHost: Invalid HTTP_HOST header: 'maximus-cinnabarine-disloyally.ngrok-free.dev'. You may need to add 'maximus-cinnabarine-disloyally.ngrok-free.dev' to ALLOWED_HOSTS.
WARNING 2025-10-24 11:27:24,301 security 91916 91404 Security headers added to error response: /static/css/base.css - Status: 404
WARNING 2025-10-24 11:27:24,526 security 91916 91404 Security headers added to error response: /static/js/base.js - Status: 404
WARNING 2025-10-24 11:27:24,584 security 91916 91404 Security headers added to error response: /static/css/base.css - Status: 404
WARNING 2025-10-24 11:27:24,939 security 91916 91404 Security headers added to error response: /static/favicon.ico - Status: 404
WARNING 2025-10-24 11:27:29,459 security 91916 91404 Security headers added to error response: /static/css/dichvudiennuoc_danhsachthongbao.css - Status: 404
WARNING 2025-10-24 11:27:29,818 security 91916 87488 Security headers added to error response: /static/js/dichvudiennuoc_danhsachthongbao.js - Status: 404
WARNING 2025-10-24 11:27:29,826 security 91916 90628 Security headers added to error response: /static/css/base.css - Status: 404
WARNING 2025-10-24 11:27:29,864 security 91916 94092 Security headers added to error response: /static/js/base.js - Status: 404
WARNING 2025-10-24 11:27:32,410 security 91916 87488 Security headers added to error response: /static/js/dichvudiennuoc_quanlyloaidichvu.js - Status: 404
WARNING 2025-10-24 11:27:32,411 security 91916 90628 Security headers added to error response: /static/css/dichvudiennuoc_quanlyloaidichvu.css - Status: 404
WARNING 2025-10-24 11:27:32,412 security 91916 91404 Security headers added to error response: /static/js/base.js - Status: 404
WARNING 2025-10-24 11:27:32,420 security 91916 94092 Security headers added to error response: /static/css/base.css - Status: 404
WARNING 2025-10-24 11:27:35,632 security 91916 90628 Security headers added to error response: /static/css/base.css - Status: 404
WARNING 2025-10-24 11:27:35,633 security 91916 91404 Security headers added to error response: /static/js/dichvudiennuoc_danhsachthongbao.js - Status: 404
WARNING 2025-10-24 11:27:35,633 security 91916 87488 Security headers added to error response: /static/js/base.js - Status: 404
WARNING 2025-10-24 11:27:35,636 security 91916 94092 Security headers added to error response: /static/css/dichvudiennuoc_danhsachthongbao.css - Status: 404
WARNING 2025-10-24 11:27:40,301 security 91916 87488 Security headers added to error response: /static/js/base.js - Status: 404
WARNING 2025-10-24 11:27:40,302 security 91916 90628 Security headers added to error response: /static/css/base.css - Status: 404
WARNING 2025-10-24 11:27:40,303 security 91916 91404 Security headers added to error response: /static/js/dichvudiennuoc_quanlyloaidichvu.js - Status: 404
WARNING 2025-10-24 11:27:40,311 security 91916 94092 Security headers added to error response: /static/css/dichvudiennuoc_quanlyloaidichvu.css - Status: 404
WARNING 2025-10-24 11:27:43,072 security 91916 87488 Security headers added to error response: /static/js/base.js - Status: 404
WARNING 2025-10-24 11:27:43,072 security 91916 91404 Security headers added to error response: /static/css/dichvudiennuoc_danhsachthongbao.css - Status: 404
WARNING 2025-10-24 11:27:43,073 security 91916 90628 Security headers added to error response: /static/js/dichvudiennuoc_danhsachthongbao.js - Status: 404
WARNING 2025-10-24 11:27:43,077 security 91916 94092 Security headers added to error response: /static/css/base.css - Status: 404
WARNING 2025-10-24 11:27:50,938 security 91916 90628 Security headers added to error response: /static/js/base.js - Status: 404
WARNING 2025-10-24 11:27:50,939 security 91916 94092 Security headers added to error response: /static/css/base.css - Status: 404
WARNING 2025-10-24 11:28:56,028 security 91916 91404 Security headers added to error response: /static/js/dichvudiennuoc_danhsachthongbao.js - Status: 404
WARNING 2025-10-24 11:28:56,030 security 91916 87488 Security headers added to error response: /static/js/base.js - Status: 404
WARNING 2025-10-24 11:28:56,030 security 91916 90628 Security headers added to error response: /static/css/dichvudiennuoc_danhsachthongbao.css - Status: 404
WARNING 2025-10-24 11:28:56,031 security 91916 94092 Security headers added to error response: /static/css/base.css - Status: 404
WARNING 2025-10-24 11:28:58,052 security 91916 90628 Security headers added to error response: /static/css/base.css - Status: 404
WARNING 2025-10-24 11:28:58,053 security 91916 87488 Security headers added to error response: /static/js/dichvudiennuoc_danhsachthongbao.js - Status: 404
WARNING 2025-10-24 11:28:58,057 security 91916 94092 Security headers added to error response: /static/css/dichvudiennuoc_danhsachthongbao.css - Status: 404
WARNING 2025-10-24 11:28:58,190 security 91916 91404 Security headers added to error response: /static/js/base.js - Status: 404
WARNING 2025-10-24 11:29:10,813 security 91916 44312 Security headers added to error response: /static/css/base.css - Status: 404
WARNING 2025-10-24 11:29:11,005 security 91916 44312 Security headers added to error response: /static/js/base.js - Status: 404
WARNING 2025-10-24 11:29:11,037 security 91916 44312 Security headers added to error response: /static/css/base.css - Status: 404
WARNING 2025-10-24 11:29:15,522 security 91916 44312 Security headers added to error response: /static/css/base.css - Status: 404
WARNING 2025-10-24 11:29:15,524 security 91916 95332 Security headers added to error response: /static/js/base.js - Status: 404
WARNING 2025-10-24 11:29:16,713 security 91916 44312 Security headers added to error response: /static/css/base.css - Status: 404
WARNING 2025-10-24 11:29:16,720 security 91916 90416 Security headers added to error response: /static/js/base.js - Status: 404
WARNING 2025-10-24 11:29:16,720 security 91916 96748 Security headers added to error response: /static/css/dichvudiennuoc_quanlyloaidichvu.css - Status: 404
WARNING 2025-10-24 11:29:16,722 security 91916 44312 Security headers added to error response: /static/js/dichvudiennuoc_quanlyloaidichvu.js - Status: 404
WARNING 2025-10-24 11:29:17,048 security 91916 44312 Security headers added to error response: /static/css/base.css - Status: 404
WARNING 2025-10-24 11:29:17,050 security 91916 96748 Security headers added to error response: /static/css/dichvudiennuoc_quanlykhachthue.css - Status: 404
WARNING 2025-10-24 11:29:17,051 security 91916 90416 Security headers added to error response: /static/js/dichvudiennuoc_quanlykhachthue.js - Status: 404
WARNING 2025-10-24 11:29:17,053 security 91916 96616 Security headers added to error response: /static/js/base.js - Status: 404
WARNING 2025-10-24 11:30:08,253 security 91916 87032 Security headers added to error response: /static/css/base.css - Status: 404
WARNING 2025-10-24 11:30:08,559 security 91916 87032 Security headers added to error response: /static/js/base.js - Status: 404
WARNING 2025-10-24 11:30:08,561 security 91916 67972 Security headers added to error response: /static/css/base.css - Status: 404
WARNING 2025-10-24 11:30:12,251 security 91916 67972 Security headers added to error response: /static/css/base.css - Status: 404
WARNING 2025-10-24 11:30:12,588 security 91916 87032 Security headers added to error response: /static/css/dichvudiennuoc_danhsachthongbao.css - Status: 404
WARNING 2025-10-24 11:30:12,590 security 91916 6680 Security headers added to error response: /static/js/base.js - Status: 404
WARNING 2025-10-24 11:30:13,065 security 91916 96608 Security headers added to error response: /static/js/dichvudiennuoc_danhsachthongbao.js - Status: 404
WARNING 2025-10-24 11:30:17,416 security 91916 96608 Security headers added to error response: /static/css/base.css - Status: 404
WARNING 2025-10-24 11:30:17,417 security 91916 67972 Security headers added to error response: /static/css/dichvudiennuoc_quanlykhachthue.css - Status: 404
WARNING 2025-10-24 11:30:17,417 security 91916 87032 Security headers added to error response: /static/js/base.js - Status: 404
WARNING 2025-10-24 11:30:17,418 security 91916 6680 Security headers added to error response: /static/js/dichvudiennuoc_quanlykhachthue.js - Status: 404
WARNING 2025-10-24 11:30:26,781 security 91916 87032 Security headers added to error response: /static/css/base.css - Status: 404
WARNING 2025-10-24 11:30:26,781 security 91916 6680 Security headers added to error response: /static/css/dichvudiennuoc_quanlyloaidichvu.css - Status: 404
WARNING 2025-10-24 11:30:26,782 security 91916 96608 Security headers added to error response: /static/js/dichvudiennuoc_quanlyloaidichvu.js - Status: 404
WARNING 2025-10-24 11:30:26,782 security 91916 67972 Security headers added to error response: /static/js/base.js - Status: 404
WARNING 2025-10-24 11:30:38,027 security 91916 67972 Security headers added to error response: /static/js/dichvudiennuoc_baocaodoanhthu.js - Status: 404
WARNING 2025-10-24 11:30:38,027 security 91916 87032 Security headers added to error response: /static/css/base.css - Status: 404
WARNING 2025-10-24 11:30:38,028 security 91916 96608 Security headers added to error response: /static/js/base.js - Status: 404
WARNING 2025-10-24 11:30:38,029 security 91916 6680 Security headers added to error response: /static/css/dichvudiennuoc_baocaodoanhthu.css - Status: 404
WARNING 2025-10-24 11:34:20,559 security 95588 95372 Security headers added to error response: /static/css/base.css - Status: 404
WARNING 2025-10-24 11:34:20,888 security 95588 85248 Security headers added to error response: /static/css/dichvudiennuoc_baocaodoanhthu.css - Status: 404
WARNING 2025-10-24 11:34:20,907 security 95588 89864 Security headers added to error response: /static/js/dichvudiennuoc_baocaodoanhthu.js - Status: 404
WARNING 2025-10-24 11:34:21,134 security 95588 62808 Security headers added to error response: /static/js/base.js - Status: 404
WARNING 2025-10-24 11:34:24,658 security 95588 89864 Security headers added to error response: /static/css/dichvudiennuoc_quanlyloaidichvu.css - Status: 404
WARNING 2025-10-24 11:34:24,661 security 95588 85248 Security headers added to error response: /static/js/dichvudiennuoc_quanlyloaidichvu.js - Status: 404
WARNING 2025-10-24 11:34:24,666 security 95588 95372 Security headers added to error response: /static/js/base.js - Status: 404
WARNING 2025-10-24 11:34:24,774 security 95588 62808 Security headers added to error response: /static/css/base.css - Status: 404
WARNING 2025-10-24 11:34:25,814 security 95588 62808 Security headers added to error response: /static/css/base.css - Status: 404
WARNING 2025-10-24 11:34:25,815 security 95588 95372 Security headers added to error response: /static/css/dichvudiennuoc_quanlykhachthue.css - Status: 404
WARNING 2025-10-24 11:34:25,843 security 95588 85248 Security headers added to error response: /static/js/base.js - Status: 404
WARNING 2025-10-24 11:34:25,844 security 95588 89864 Security headers added to error response: /static/js/dichvudiennuoc_quanlykhachthue.js - Status: 404
WARNING 2025-10-24 11:34:27,183 security 95588 89864 Security headers added to error response: /static/css/base.css - Status: 404
WARNING 2025-10-24 11:34:27,184 security 95588 85248 Security headers added to error response: /static/css/dichvudiennuoc_danhsachthongbao.css - Status: 404
WARNING 2025-10-24 11:34:27,194 security 95588 95372 Security headers added to error response: /static/js/dichvudiennuoc_danhsachthongbao.js - Status: 404
WARNING 2025-10-24 11:34:27,196 security 95588 62808 Security headers added to error response: /static/js/base.js - Status: 404
WARNING 2025-10-24 11:34:34,967 security 95588 85904 Security headers added to error response: /static/css/base.css - Status: 404
WARNING 2025-10-24 11:34:35,231 security 95588 85904 Security headers added to error response: /static/js/base.js - Status: 404
WARNING 2025-10-24 11:34:35,274 security 95588 85904 Security headers added to error response: /static/css/base.css - Status: 404
WARNING 2025-10-24 11:34:42,908 security 95588 96336 Security headers added to error response: /static/css/base.css - Status: 404
WARNING 2025-10-24 11:34:42,910 security 95588 90300 Security headers added to error response: /static/css/dichvudiennuoc_quanlyloaidichvu.css - Status: 404
WARNING 2025-10-24 11:34:42,911 security 95588 81856 Security headers added to error response: /static/js/dichvudiennuoc_quanlyloaidichvu.js - Status: 404
WARNING 2025-10-24 11:34:42,913 security 95588 90356 Security headers added to error response: /static/js/base.js - Status: 404
WARNING 2025-10-24 11:39:17,287 security 59748 94308 Security headers added to error response: /static/css/base.css - Status: 404
WARNING 2025-10-24 11:39:17,293 security 59748 96552 Security headers added to error response: /static/css/dichvudiennuoc_quanlyloaidichvu.css - Status: 404
WARNING 2025-10-24 11:39:17,294 security 59748 80928 Security headers added to error response: /static/js/dichvudiennuoc_quanlyloaidichvu.js - Status: 404
WARNING 2025-10-24 11:39:17,496 security 59748 80928 Security headers added to error response: /static/js/base.js - Status: 404
WARNING 2025-10-24 11:39:17,498 security 59748 96552 Security headers added to error response: /static/css/base.css - Status: 404
WARNING 2025-10-24 11:39:17,499 security 59748 94308 Security headers added to error response: /static/css/dichvudiennuoc_quanlyloaidichvu.css - Status: 404
WARNING 2025-10-24 11:39:19,739 security 59748 94308 Security headers added to error response: /static/css/base.css - Status: 404
WARNING 2025-10-24 11:39:20,083 security 59748 93852 Security headers added to error response: /static/js/base.js - Status: 404
WARNING 2025-10-24 11:39:20,092 security 59748 96552 Security headers added to error response: /static/css/dichvudiennuoc_danhsachthongbao.css - Status: 404
WARNING 2025-10-24 11:39:20,113 security 59748 80928 Security headers added to error response: /static/js/dichvudiennuoc_danhsachthongbao.js - Status: 404
WARNING 2025-10-24 11:39:21,934 security 59748 93852 Security headers added to error response: /static/js/dichvudiennuoc_danhsachthongbao.js - Status: 404
WARNING 2025-10-24 11:39:21,934 security 59748 80928 Security headers added to error response: /static/css/base.css - Status: 404
WARNING 2025-10-24 11:39:21,935 security 59748 96552 Security headers added to error response: /static/css/dichvudiennuoc_danhsachthongbao.css - Status: 404
WARNING 2025-10-24 11:39:21,937 security 59748 94308 Security headers added to error response: /static/js/base.js - Status: 404
WARNING 2025-10-24 11:39:26,994 security 59748 5804 Security headers added to error response: /static/css/base.css - Status: 404
WARNING 2025-10-24 11:39:27,272 security 59748 5804 Security headers added to error response: /static/js/base.js - Status: 404
WARNING 2025-10-24 11:39:27,320 security 59748 5804 Security headers added to error response: /static/css/base.css - Status: 404
WARNING 2025-10-24 11:39:29,471 security 59748 5804 Security headers added to error response: /static/css/base.css - Status: 404
WARNING 2025-10-24 11:39:29,477 security 59748 88800 Security headers added to error response: /static/css/dichvudiennuoc_quanlykhachthue.css - Status: 404
WARNING 2025-10-24 11:39:29,479 security 59748 71544 Security headers added to error response: /static/js/dichvudiennuoc_quanlykhachthue.js - Status: 404
WARNING 2025-10-24 11:39:29,479 security 59748 87756 Security headers added to error response: /static/js/base.js - Status: 404
WARNING 2025-10-24 15:20:39,266 log 102396 94740 Forbidden (CSRF token from the 'X-Csrftoken' HTTP header has incorrect length.): /dichvudiennuoc/api/quanlykhachthue/update-or-create/
WARNING 2025-10-24 15:21:00,654 log 102396 94740 Forbidden (CSRF token from the 'X-Csrftoken' HTTP header has incorrect length.): /dichvudiennuoc/api/quanlykhachthue/update-or-create/
WARNING 2025-10-24 15:35:23,896 log 100780 79620 Forbidden (CSRF cookie not set.): /dichvudiennuoc/api/loaidichvu/update-or-create/
WARNING 2025-10-24 15:35:35,373 log 100780 79620 Forbidden (CSRF cookie not set.): /dichvudiennuoc/api/loaidichvu/update-or-create/
WARNING 2025-10-24 15:55:31,580 log 98244 91288 Forbidden (CSRF token from the 'X-Csrftoken' HTTP header has incorrect length.): /dichvudiennuoc/api/quanlykhachthue/update-or-create/
WARNING 2025-10-24 16:00:20,881 log 97124 94988 Forbidden (CSRF token from the 'X-Csrftoken' HTTP header has incorrect length.): /dichvudiennuoc/api/quanlykhachthue/update-or-create/
WARNING 2025-10-27 11:53:34,475 log 9196 1660 Forbidden (CSRF token from the 'X-Csrftoken' HTTP header incorrect.): /dichvudiennuoc/api/tao-moi-thong-bao/
